# JRE version: OpenJDK Runtime Environment (8.0_40-b20) (build 1.8.0_40-b20)
# Java VM: OpenJDK 64-Bit Server VM (25.40-b23 mixed mode linux-amd64 compressed oops)
Heap:
 PSYoungGen      total 128000K, used 5089K [0x00000000d8000000, 0x00000000e0200000, 0x0000000100000000)
  eden space 122880K, 0% used [0x00000000d8000000,0x00000000d8000000,0x00000000df800000)
  from space 5120K, 99% used [0x00000000df800000,0x00000000dfcf86d0,0x00000000dfd00000)
  to   space 5120K, 0% used [0x00000000dfd00000,0x00000000dfd00000,0x00000000e0200000)
 ParOldGen       total 81920K, used 13480K [0x0000000088000000, 0x000000008d000000, 0x00000000d8000000)
  object space 81920K, 16% used [0x0000000088000000,0x0000000088d2a3b0,0x000000008d000000)
 Metaspace       used 16884K, capacity 17180K, committed 17280K, reserved 1064960K
  class space    used 2307K, capacity 2398K, committed 2432K, reserved 1048576K
GC Heap History (9 events):
Event: 1,093 GC heap before
{Heap before GC invocations=1 (full 0):
 PSYoungGen      total 35840K, used 30720K [0x00000000d8000000, 0x00000000da800000, 0x0000000100000000)
  eden space 30720K, 100% used [0x00000000d8000000,0x00000000d9e00000,0x00000000d9e00000)
  from space 5120K, 0% used [0x00000000da300000,0x00000000da300000,0x00000000da800000)
  to   space 5120K, 0% used [0x00000000d9e00000,0x00000000d9e00000,0x00000000da300000)
 ParOldGen       total 81920K, used 0K [0x0000000088000000, 0x000000008d000000, 0x00000000d8000000)
  object space 81920K, 0% used [0x0000000088000000,0x0000000088000000,0x000000008d000000)
 Metaspace       used 9865K, capacity 10064K, committed 10368K, reserved 1058816K
  class space    used 1261K, capacity 1336K, committed 1408K, reserved 1048576K
Event: 1,120 GC heap after
Heap after GC invocations=1 (full 0):
 PSYoungGen      total 35840K, used 5115K [0x00000000d8000000, 0x00000000dc600000, 0x0000000100000000)
  eden space 30720K, 0% used [0x00000000d8000000,0x00000000d8000000,0x00000000d9e00000)
  from space 5120K, 99% used [0x00000000d9e00000,0x00000000da2fee78,0x00000000da300000)
  to   space 5120K, 0% used [0x00000000dc100000,0x00000000dc100000,0x00000000dc600000)
 ParOldGen       total 81920K, used 525K [0x0000000088000000, 0x000000008d000000, 0x00000000d8000000)
  object space 81920K, 0% used [0x0000000088000000,0x0000000088083650,0x000000008d000000)
 Metaspace       used 9865K, capacity 10064K, committed 10368K, reserved 1058816K
  class space    used 1261K, capacity 1336K, committed 1408K, reserved 1048576K
}
Event: 1,840 GC heap before
{Heap before GC invocations=2 (full 0):
 PSYoungGen      total 35840K, used 35835K [0x00000000d8000000, 0x00000000dc600000, 0x0000000100000000)
  eden space 30720K, 100% used [0x00000000d8000000,0x00000000d9e00000,0x00000000d9e00000)
  from space 5120K, 99% used [0x00000000d9e00000,0x00000000da2fee78,0x00000000da300000)
  to   space 5120K, 0% used [0x00000000dc100000,0x00000000dc100000,0x00000000dc600000)
 ParOldGen       total 81920K, used 525K [0x0000000088000000, 0x000000008d000000, 0x00000000d8000000)
  object space 81920K, 0% used [0x0000000088000000,0x0000000088083650,0x000000008d000000)
 Metaspace       used 13617K, capacity 13744K, committed 13952K, reserved 1060864K
  class space    used 1790K, capacity 1880K, committed 1920K, reserved 1048576K
Event: 1,888 GC heap after
Heap after GC invocations=2 (full 0):
 PSYoungGen      total 66560K, used 5088K [0x00000000d8000000, 0x00000000dc600000, 0x0000000100000000)
  eden space 61440K, 0% used [0x00000000d8000000,0x00000000d8000000,0x00000000dbc00000)
  from space 5120K, 99% used [0x00000000dc100000,0x00000000dc5f8040,0x00000000dc600000)
  to   space 5120K, 0% used [0x00000000dbc00000,0x00000000dbc00000,0x00000000dc100000)
 ParOldGen       total 81920K, used 3377K [0x0000000088000000, 0x000000008d000000, 0x00000000d8000000)
  object space 81920K, 4% used [0x0000000088000000,0x000000008834c6c8,0x000000008d000000)
 Metaspace       used 13617K, capacity 13744K, committed 13952K, reserved 1060864K
  class space    used 1790K, capacity 1880K, committed 1920K, reserved 1048576K
}
Event: 3,229 GC heap before
{Heap before GC invocations=3 (full 0):
 PSYoungGen      total 66560K, used 66528K [0x00000000d8000000, 0x00000000dc600000, 0x0000000100000000)
  eden space 61440K, 100% used [0x00000000d8000000,0x00000000dbc00000,0x00000000dbc00000)
  from space 5120K, 99% used [0x00000000dc100000,0x00000000dc5f8040,0x00000000dc600000)
  to   space 5120K, 0% used [0x00000000dbc00000,0x00000000dbc00000,0x00000000dc100000)
 ParOldGen       total 81920K, used 3377K [0x0000000088000000, 0x000000008d000000, 0x00000000d8000000)
  object space 81920K, 4% used [0x0000000088000000,0x000000008834c6c8,0x000000008d000000)
 Metaspace       used 16546K, capacity 16772K, committed 17024K, reserved 1064960K
  class space    used 2254K, capacity 2336K, committed 2432K, reserved 1048576K
Event: 3,307 GC heap after
Heap after GC invocations=3 (full 0):
 PSYoungGen      total 66560K, used 5088K [0x00000000d8000000, 0x00000000e0200000, 0x0000000100000000)
  eden space 61440K, 0% used [0x00000000d8000000,0x00000000d8000000,0x00000000dbc00000)
  from space 5120K, 99% used [0x00000000dbc00000,0x00000000dc0f80a8,0x00000000dc100000)
  to   space 5120K, 0% used [0x00000000dfd00000,0x00000000dfd00000,0x00000000e0200000)
 ParOldGen       total 81920K, used 12406K [0x0000000088000000, 0x000000008d000000, 0x00000000d8000000)
  object space 81920K, 15% used [0x0000000088000000,0x0000000088c1d950,0x000000008d000000)
 Metaspace       used 16546K, capacity 16772K, committed 17024K, reserved 1064960K
  class space    used 2254K, capacity 2336K, committed 2432K, reserved 1048576K
}
Event: 3,435 GC heap before
{Heap before GC invocations=4 (full 0):
 PSYoungGen      total 66560K, used 66497K [0x00000000d8000000, 0x00000000e0200000, 0x0000000100000000)
  eden space 61440K, 99% used [0x00000000d8000000,0x00000000dbbf8650,0x00000000dbc00000)
  from space 5120K, 99% used [0x00000000dbc00000,0x00000000dc0f80a8,0x00000000dc100000)
  to   space 5120K, 0% used [0x00000000dfd00000,0x00000000dfd00000,0x00000000e0200000)
 ParOldGen       total 81920K, used 12406K [0x0000000088000000, 0x000000008d000000, 0x00000000d8000000)
  object space 81920K, 15% used [0x0000000088000000,0x0000000088c1d950,0x000000008d000000)
 Metaspace       used 16883K, capacity 17180K, committed 17280K, reserved 1064960K
  class space    used 2307K, capacity 2398K, committed 2432K, reserved 1048576K
Event: 3,480 GC heap after
Heap after GC invocations=4 (full 0):
 PSYoungGen      total 128000K, used 5100K [0x00000000d8000000, 0x00000000e0200000, 0x0000000100000000)
  eden space 122880K, 0% used [0x00000000d8000000,0x00000000d8000000,0x00000000df800000)
  from space 5120K, 99% used [0x00000000dfd00000,0x00000000e01fb058,0x00000000e0200000)
  to   space 5120K, 0% used [0x00000000df800000,0x00000000df800000,0x00000000dfd00000)
 ParOldGen       total 81920K, used 13367K [0x0000000088000000, 0x000000008d000000, 0x00000000d8000000)
  object space 81920K, 16% used [0x0000000088000000,0x0000000088d0dd88,0x000000008d000000)
 Metaspace       used 16883K, capacity 17180K, committed 17280K, reserved 1064960K
  class space    used 2307K, capacity 2398K, committed 2432K, reserved 1048576K
}
Event: 3,727 GC heap before
{Heap before GC invocations=5 (full 0):
 PSYoungGen      total 128000K, used 127806K [0x00000000d8000000, 0x00000000e0200000, 0x0000000100000000)
  eden space 122880K, 99% used [0x00000000d8000000,0x00000000df7d49d8,0x00000000df800000)
  from space 5120K, 99% used [0x00000000dfd00000,0x00000000e01fb058,0x00000000e0200000)
  to   space 5120K, 0% used [0x00000000df800000,0x00000000df800000,0x00000000dfd00000)
 ParOldGen       total 81920K, used 13367K [0x0000000088000000, 0x000000008d000000, 0x00000000d8000000)
  object space 81920K, 16% used [0x0000000088000000,0x0000000088d0dd88,0x000000008d000000)
 Metaspace       used 16884K, capacity 17180K, committed 17280K, reserved 1064960K
  class space    used 2307K, capacity 2398K, committed 2432K, reserved 1048576K

